::1 - - [27/Jul/2021:18:47:22 +0200] "GET /phpmyadmin HTTP/1.1" 301 241
::1 - - [27/Jul/2021:18:47:22 +0200] "GET /phpmyadmin/ HTTP/1.1" 200 8469
::1 - - [27/Jul/2021:18:47:23 +0200] "GET /phpmyadmin/phpmyadmin.css.php?server=1&lang=en&collation_connection=utf8_general_ci&token=ded8d3667c6dcc7edc87b99ef5cc0d90&nocache=4125195912ltr HTTP/1.1" 200 88608
::1 - - [27/Jul/2021:18:47:23 +0200] "GET /phpmyadmin/themes/pmahomme/jquery/jquery-ui-1.9.2.custom.css HTTP/1.1" 200 32278
::1 - - [27/Jul/2021:18:47:23 +0200] "GET /phpmyadmin/js/get_scripts.js.php?scripts[]=jquery/jquery-1.8.3.js&scripts[]=ajax.js&scripts[]=keyhandler.js&scripts[]=jquery/jquery-ui-1.9.2.custom.js&scripts[]=jquery/jquery.sprintf.js&scripts[]=jquery/jquery.cookie.js&scripts[]=jquery/jquery.mousewheel.js&scripts[]=jquery/jquery.event.drag-2.2.js&scripts[]=jquery/jquery-ui-timepicker-addon.js&scripts[]=jquery/jquery.ba-hashchange-1.3.js&scripts[]=jquery/jquery.debounce-1.0.5.js&scripts[]=jquery/jquery.menuResizer-1.0.js&scripts[]=rte.js&scripts[]=functions.js&scripts[]=navigation.js&scripts[]=indexes.js&scripts[]=common.js&scripts[]=codemirror/lib/codemirror.js&scripts[]=codemirror/mode/mysql/mysql.js HTTP/1.1" 200 578562
::1 - - [27/Jul/2021:18:47:23 +0200] "GET /phpmyadmin/js/messages.php?lang=en&db=&server=0&collation_connection=utf8_general_ci&token=597ab1e7ec166d98c0d99256f1ec419f HTTP/1.1" 200 16674
::1 - - [27/Jul/2021:18:47:24 +0200] "GET /phpmyadmin/js/get_image.js.php?theme=pmahomme HTTP/1.1" 200 6263
::1 - - [27/Jul/2021:18:47:24 +0200] "GET /phpmyadmin/themes/pmahomme/img/logo_right.png HTTP/1.1" 200 4548
::1 - - [27/Jul/2021:18:47:24 +0200] "GET /phpmyadmin/themes/dot.gif HTTP/1.1" 200 43
::1 - - [27/Jul/2021:18:47:24 +0200] "GET /phpmyadmin/themes/pmahomme/img/sprites.png HTTP/1.1" 200 61899
::1 - - [27/Jul/2021:18:47:25 +0200] "GET /phpmyadmin/favicon.ico HTTP/1.1" 200 18902
::1 - - [27/Jul/2021:18:47:42 +0200] "POST /phpmyadmin/index.php HTTP/1.1" 302 -
::1 - - [27/Jul/2021:18:47:43 +0200] "GET /phpmyadmin/index.php?token=ded8d3667c6dcc7edc87b99ef5cc0d90 HTTP/1.1" 200 42535
::1 - - [27/Jul/2021:18:47:43 +0200] "GET /phpmyadmin/phpmyadmin.css.php?server=1&token=ded8d3667c6dcc7edc87b99ef5cc0d90&nocache=5752600375ltr HTTP/1.1" 200 88608
::1 - - [27/Jul/2021:18:47:43 +0200] "GET /phpmyadmin/js/messages.php?lang=en&db=&server=0&token=ded8d3667c6dcc7edc87b99ef5cc0d90 HTTP/1.1" 200 16674
::1 - - [27/Jul/2021:18:47:43 +0200] "GET /phpmyadmin/themes/pmahomme/img/logo_left.png HTTP/1.1" 200 2327
::1 - - [27/Jul/2021:18:47:43 +0200] "GET /phpmyadmin/themes/pmahomme/img/ajax_clock_small.gif HTTP/1.1" 200 1810
::1 - - [27/Jul/2021:18:47:43 +0200] "GET /phpmyadmin/themes/pmahomme/img/left_nav_bg.png HTTP/1.1" 200 297
::1 - - [27/Jul/2021:18:47:44 +0200] "GET /phpmyadmin/version_check.php?&_nocache=1627404464034114284 HTTP/1.1" 200 39
::1 - - [27/Jul/2021:18:47:53 +0200] "GET /phpmyadmin/navigation.php?ajax_request=1&token=ded8d3667c6dcc7edc87b99ef5cc0d90&aPath=cm9vdA%3D%3D.dGVzdA%3D%3D&vPath=cm9vdA%3D%3D.dGVzdA%3D%3D&pos=0&pos2_name=&pos2_value=&searchClause=&searchClause2=&_nocache=1627404473723207222 HTTP/1.1" 200 97
::1 - - [27/Jul/2021:18:47:55 +0200] "GET /phpmyadmin/db_structure.php?server=1&db=test&token=ded8d3667c6dcc7edc87b99ef5cc0d90&ajax_request=true&ajax_page_request=true&menuHashes=f165923f&_nocache=1627404475976358318 HTTP/1.1" 200 5466
::1 - - [27/Jul/2021:18:47:56 +0200] "GET /phpmyadmin/js/get_scripts.js.php?scripts[]=db_structure.js&scripts[]=tbl_change.js HTTP/1.1" 200 12382
::1 - - [27/Jul/2021:18:48:25 +0200] "GET /phpmyadmin/index.php?token=ded8d3667c6dcc7edc87b99ef5cc0d90&ajax_request=true&ajax_page_request=true&menuHashes=f165923f-f9bf898f&_nocache=1627404505480633737 HTTP/1.1" 200 35915
::1 - - [27/Jul/2021:18:48:25 +0200] "GET /phpmyadmin/version_check.php?&_nocache=1627404505634272321 HTTP/1.1" 200 39
::1 - - [27/Jul/2021:18:54:03 +0200] "GET / HTTP/1.1" 200 79208
::1 - - [27/Jul/2021:18:54:03 +0200] "GET /images/header.png HTTP/1.1" 200 7766
::1 - - [27/Jul/2021:18:54:03 +0200] "GET /style.css HTTP/1.1" 200 3041
::1 - - [27/Jul/2021:18:54:03 +0200] "GET /images/background.jpg HTTP/1.1" 200 12386
::1 - - [27/Jul/2021:18:54:03 +0200] "GET /images/menuleft.jpg HTTP/1.1" 200 11236
::1 - - [27/Jul/2021:18:54:03 +0200] "GET /images/topcontent.jpg HTTP/1.1" 200 11578
::1 - - [27/Jul/2021:18:54:03 +0200] "GET /images/content.jpg HTTP/1.1" 200 11916
::1 - - [27/Jul/2021:18:54:03 +0200] "GET /images/banner.jpg HTTP/1.1" 200 38149
::1 - - [27/Jul/2021:18:54:03 +0200] "GET /images/menu.jpg HTTP/1.1" 200 11219
::1 - - [27/Jul/2021:18:54:03 +0200] "GET /index.php?=PHPE9568F35-D428-11d2-A769-00AA001ACF42 HTTP/1.1" 200 2146
::1 - - [27/Jul/2021:18:54:03 +0200] "GET /index.php?=PHPE9568F34-D428-11d2-A769-00AA001ACF42 HTTP/1.1" 200 2524
::1 - - [27/Jul/2021:18:54:03 +0200] "GET /images/menuright.jpg HTTP/1.1" 200 11239
::1 - - [27/Jul/2021:18:54:04 +0200] "GET /favicon.ico HTTP/1.1" 404 209
