2021-07-27 18:46:53 4240 [Note] Plugin 'FEDERATED' is disabled.
2021-07-27 18:46:53 4240 [Note] InnoDB: The InnoDB memory heap is disabled
2021-07-27 18:46:53 4240 [Note] InnoDB: Mutexes and rw_locks use Windows interlocked functions
2021-07-27 18:46:53 4240 [Note] InnoDB: Compressed tables use zlib 1.2.3
2021-07-27 18:46:53 4240 [Note] InnoDB: Not using CPU crc32 instructions
2021-07-27 18:46:53 4240 [Note] InnoDB: Initializing buffer pool, size = 128.0M
2021-07-27 18:46:53 4240 [Note] InnoDB: Completed initialization of buffer pool
2021-07-27 18:46:54 4240 [Note] InnoDB: Setting log file C:\Users\gebruiker\Downloads\USBWebserver v8.6\mysql\data\ib_logfile101 size to 5 MB
2021-07-27 18:46:54 4240 [Note] InnoDB: Setting log file C:\Users\gebruiker\Downloads\USBWebserver v8.6\mysql\data\ib_logfile1 size to 5 MB
2021-07-27 18:46:54 4240 [Note] InnoDB: Renaming log file C:\Users\gebruiker\Downloads\USBWebserver v8.6\mysql\data\ib_logfile101 to C:\Users\gebruiker\Downloads\USBWebserver v8.6\mysql\data\ib_logfile0
2021-07-27 18:46:54 4240 [Warning] InnoDB: New log files created, LSN=1626134
2021-07-27 18:46:54 4240 [Note] InnoDB: Highest supported file format is Barracuda.
2021-07-27 18:46:54 4240 [Note] InnoDB: 128 rollback segment(s) are active.
2021-07-27 18:46:56 4240 [Note] InnoDB: Waiting for purge to start
2021-07-27 18:46:56 4240 [Note] InnoDB: Waiting for purge to start
2021-07-27 18:46:56 4240 [Note] InnoDB: 5.6.13 started; log sequence number 1626636
2021-07-27 18:46:57 4240 [Warning] No existing UUID has been found, so we assume that this is the first time that this server has been started. Generating a new UUID: 41a7694b-eefa-11eb-83db-0800279292f9.
2021-07-27 18:46:57 4240 [Note] Server hostname (bind-address): '*'; port: 3307
2021-07-27 18:46:57 4240 [Note] IPv6 is available.
2021-07-27 18:46:57 4240 [Note]   - '::' resolves to '::';
2021-07-27 18:46:57 4240 [Note] Server socket created on IP: '::'.
